<?xml version="1.0" encoding="UTF-8"?>
<!-- Generated by org.testng.reporters.JUnitXMLReporter -->
<testsuite hostname="LAPTOP-P0SJP3T6" failures="0" tests="5" name="TestNGFrameworkPractice" time="26.121" errors="0" timestamp="7 Jul 2020 12:42:46 GMT">
  <testcase classname="com.testng.assertions.SoftAssertionEx_OrangeHRM" name="openURL" time="3.891"/>
  <testcase classname="com.testng.assertions.SoftAssertionEx_OrangeHRM" name="login" time="9.227"/>
  <testcase classname="com.testng.assertions.SoftAssertionEx_OrangeHRM" name="verifyCurrentURL" time="0.006"/>
  <testcase classname="com.testng.assertions.SoftAssertionEx_OrangeHRM" name="verifyTitle" time="0.006"/>
  <testcase classname="com.testng.assertions.SoftAssertionEx_OrangeHRM" name="logout" time="5.069"/>
</testsuite> <!-- TestNGFrameworkPractice -->
