<?xml version="1.0" encoding="UTF-8"?>
<testng-results total="5" passed="5" failed="0" skipped="0">
  <reporter-output>
  </reporter-output>
  <suite started-at="2020-07-07T12:42:20Z" name="Default Suite" finished-at="2020-07-07T12:42:46Z" duration-ms="26121">
    <groups>
    </groups>
    <test started-at="2020-07-07T12:42:20Z" name="TestNGFrameworkPractice" finished-at="2020-07-07T12:42:46Z" duration-ms="26121">
      <class name="com.testng.assertions.SoftAssertionEx_OrangeHRM">
        <test-method is-config="true" signature="setup()[pri:0, instance:com.testng.assertions.SoftAssertionEx_OrangeHRM@289d1c02]" started-at="2020-07-07T18:12:20Z" name="setup" finished-at="2020-07-07T18:12:28Z" duration-ms="7839" status="PASS">
          <reporter-output>
          </reporter-output>
        </test-method> <!-- setup -->
        <test-method signature="openURL()[pri:0, instance:com.testng.assertions.SoftAssertionEx_OrangeHRM@289d1c02]" started-at="2020-07-07T18:12:28Z" name="openURL" description="Launch OrangeHRM App" finished-at="2020-07-07T18:12:32Z" duration-ms="3891" status="PASS">
          <reporter-output>
          </reporter-output>
        </test-method> <!-- openURL -->
        <test-method signature="login()[pri:0, instance:com.testng.assertions.SoftAssertionEx_OrangeHRM@289d1c02]" started-at="2020-07-07T18:12:32Z" name="login" finished-at="2020-07-07T18:12:41Z" duration-ms="9227" status="PASS">
          <reporter-output>
          </reporter-output>
        </test-method> <!-- login -->
        <test-method signature="verifyCurrentURL()[pri:0, instance:com.testng.assertions.SoftAssertionEx_OrangeHRM@289d1c02]" started-at="2020-07-07T18:12:41Z" name="verifyCurrentURL" finished-at="2020-07-07T18:12:41Z" duration-ms="6" status="PASS">
          <reporter-output>
          </reporter-output>
        </test-method> <!-- verifyCurrentURL -->
        <test-method signature="verifyTitle()[pri:0, instance:com.testng.assertions.SoftAssertionEx_OrangeHRM@289d1c02]" started-at="2020-07-07T18:12:41Z" name="verifyTitle" finished-at="2020-07-07T18:12:41Z" duration-ms="6" status="PASS">
          <reporter-output>
          </reporter-output>
        </test-method> <!-- verifyTitle -->
        <test-method signature="logout()[pri:0, instance:com.testng.assertions.SoftAssertionEx_OrangeHRM@289d1c02]" started-at="2020-07-07T18:12:41Z" name="logout" finished-at="2020-07-07T18:12:46Z" depends-on-methods="com.testng.assertions.SoftAssertionEx_OrangeHRM.openURL" duration-ms="5069" status="PASS">
          <reporter-output>
          </reporter-output>
        </test-method> <!-- logout -->
        <test-method is-config="true" signature="closeBrowser()[pri:0, instance:com.testng.assertions.SoftAssertionEx_OrangeHRM@289d1c02]" started-at="2020-07-07T18:12:46Z" name="closeBrowser" finished-at="2020-07-07T18:12:46Z" duration-ms="73" status="PASS">
          <reporter-output>
          </reporter-output>
        </test-method> <!-- closeBrowser -->
      </class> <!-- com.testng.assertions.SoftAssertionEx_OrangeHRM -->
    </test> <!-- TestNGFrameworkPractice -->
  </suite> <!-- Default Suite -->
</testng-results>
